<?xml version="1.0" encoding="UTF-8"?>
<!-- Generated by org.testng.reporters.JUnitReportReporter -->
<testsuite hostname="DESKTOP-D316B3V" failures="0" tests="1" name="Entrata_Test_Cases.VerifyListOfResources" time="18.505" errors="0" timestamp="2024-10-09T13:28:57 GMT-07:00" skipped="0">
  <testcase classname="Entrata_Test_Cases.VerifyListOfResources" name="VerifyResources" time="18.505"/>
</testsuite> <!-- Entrata_Test_Cases.VerifyListOfResources -->
