<?xml version="1.0" encoding="UTF-8"?>
<!-- Generated by org.testng.reporters.JUnitReportReporter -->
<testsuite hostname="DESKTOP-D316B3V" failures="0" tests="1" name="Entrata_Test_Cases.AllResources" time="10.897" errors="0" timestamp="2024-10-09T11:29:58 GMT-07:00" skipped="0">
  <testcase classname="Entrata_Test_Cases.AllResources" name="avaibilityOfUsernameandPassword" time="10.897"/>
</testsuite> <!-- Entrata_Test_Cases.AllResources -->
